MPASM 5.87                ED2TPFINAL_SRC.ASM   6-7-2020  16:41:48         PAGE  1


LOC  OBJECT CODE     LINE SOURCE TEXT
  VALUE

                      00001         LIST P=16F887
                      00002         ;RADIX HEX
                      00003 ; CONFIG1
                      00004 ; __config 0xFFF2
2007   3FF2           00005  __CONFIG _CONFIG1, _FOSC_HS & _WDTE_OFF & _PWRTE_OFF & _MCLRE_ON & _CP_OFF & _CPD_OFF & _BOREN_ON & _IE
                            SO_ON & _FCMEN_ON & _LVP_ON
                      00006 ; CONFIG2
                      00007 ; __config 0xFFFF
2008   3FFF           00008  __CONFIG _CONFIG2, _BOR4V_BOR40V & _WRT_OFF
                      00009 #include "p16f887.inc"
                      00001         LIST
                      00002 
                      00003 ;==========================================================================
                      00004 ; Build date : Jan 06 2020
                      00005 ;  MPASM PIC16F887 processor include
                      00006 ; 
                      00007 ;  (c) Copyright 1999-2020 Microchip Technology, All rights reserved
                      00008 ;==========================================================================
                      00009 
                      00810         LIST
                      00010 
  00000020            00011 W_TEMP EQU 0x20
  00000021            00012 STATUS_TEMP EQU 0x21
  00000022            00013 COLUMN EQU 0x22 ; VARIABLE DECIMAL DE LA COLUMNA
  00000023            00014 ROW EQU 0x23 ; VARIABLE DECIMAL DE LA FILA
  00000024            00015 COL_EN EQU 0x24 ; VARIABLE DONDE SE GUARDA LA COLUMNA ACTIVADA
  00000025            00016 COL_EN_T EQU 0x25 ; VARIABLE DONDE SE GUARDA LA COLUMNA ACTIVADA TEMPORAL
  00000003            00017 N_COL EQU 3 ; CANTIDAD MAXIMA DE COLUMNAS
  00000004            00018 N_ROW EQU 4 ; CANTIDAD MAXIMA DE FILAS
  00000026            00019 FLAGS EQU 0x26 ; BIT FLAG QUE ENTRO EN INTERRUPT
  00000000            00020 INTRB EQU 0
  00000001            00021 FLANCO EQU 1
  00000002            00022 TECLA EQU 2 
  00000027            00023 DISPLAY0 EQU 0x27
  00000028            00024 DISPLAY1 EQU 0x28
  00000029            00025 DISPLAY2 EQU 0x29
  0000002A            00026 DISPLAY3 EQU 0x2A
  0000002B            00027 CONT_D   EQU 0x2B 
  0000002C            00028 AUX_DECO EQU 0x2C
  0000002D            00029 DISPCOUNT EQU 0x2D
  0000002E            00030 AUX_REG EQU 0x2E 
                      00031    
                      00032    ORG 0x00  
0000   2???           00033    GOTO INIT
                      00034 
                      00035    ORG 0x04
0004   2???           00036    GOTO INTERRUPT_SERVE
                      00037 
                      00038    ORG 0x05
0005                  00039 INIT 
                      00040    ;PUERTOS
0005   1683 1303      00041    BANKSEL TRISC
0007   300F           00042    MOVLW 0x0F
MPASM 5.87                ED2TPFINAL_SRC.ASM   6-7-2020  16:41:48         PAGE  2


LOC  OBJECT CODE     LINE SOURCE TEXT
  VALUE

Message[302]: Register in operand not in bank 0.  Ensure that bank bits are correct.
0008   0086           00043    MOVWF TRISB ; TECLADO
Message[302]: Register in operand not in bank 0.  Ensure that bank bits are correct.
0009   0188           00044    CLRF TRISD ; SALIDA DE LOS DISPLAYS
Message[302]: Register in operand not in bank 0.  Ensure that bank bits are correct.
000A   0185           00045    CLRF TRISA
Message[302]: Register in operand not in bank 0.  Ensure that bank bits are correct.
000B   0187           00046    CLRF TRISC
Message[302]: Register in operand not in bank 0.  Ensure that bank bits are correct.
000C   1381           00047    BCF OPTION_REG, 7 ; ACTIVO PULL UP EN PUERTO B
000D   300E           00048    MOVLW 0x0E
Message[302]: Register in operand not in bank 0.  Ensure that bank bits are correct.
000E   0095           00049    MOVWF WPUB ; ACTIVO PULL UP EN PINES DE ENTRADA
000F   1683 1703      00050    BANKSEL ANSELH
Message[302]: Register in operand not in bank 0.  Ensure that bank bits are correct.
0011   0189           00051    CLRF ANSELH
Message[302]: Register in operand not in bank 0.  Ensure that bank bits are correct.
0012   0188           00052    CLRF ANSEL
0013   1283 1303      00053    BANKSEL PORTC
0015   0186           00054    CLRF PORTB
0016   0187           00055    CLRF PORTC
0017   0188           00056    CLRF PORTD
0018   300F           00057    MOVLW 0x0F
0019   0085           00058    MOVWF PORTA
                      00059    
                      00060    ;REGISTROS
001A   01A6           00061    CLRF FLAGS
001B   3027           00062    MOVLW DISPLAY0
001C   0084           00063    MOVWF FSR; INICIALIZAMOS FSR EN EL PRIMER REGISTRO DE LOS VALORES DE LOS DISPLAYS
001D   01AB           00064    CLRF CONT_D
001E   03AB           00065    DECF CONT_D,F ; INICIALIZAMOS EN .255
001F   01AD           00066    CLRF DISPCOUNT
                      00067    
                      00068    ;INTERRUPCIONES
0020   1683 1303      00069    BANKSEL IOCB
0022   300E           00070    MOVLW 0x0E
Message[302]: Register in operand not in bank 0.  Ensure that bank bits are correct.
0023   0096           00071    MOVWF IOCB ; ACTIVO INTERRUPCIONES EN LOS PINES PORTB<3:1> SON ENTRADA
0024   100B           00072    BCF INTCON, RBIF
0025   158B           00073    BSF INTCON, RBIE ; ACTIVO INTERRUPCIONES POR PUERTO B
0026   3004           00074    MOVLW B'00000100' ; PRESCALER A 32
Message[302]: Register in operand not in bank 0.  Ensure that bank bits are correct.
0027   0081           00075    MOVWF OPTION_REG
0028   3064           00076    MOVLW .100
0029   0081           00077    MOVWF TMR0
002A   110B           00078    BCF INTCON, T0IF
002B   168B           00079    BSF INTCON, T0IE
002C   178B           00080    BSF INTCON, GIE ; ACTIVO INTERRUPCIONES GLOBALES
                      00081    
                      00082    
002D   2???           00083    GOTO PROGRAMA
                      00084   
002E                  00085 PROGRAMA
MPASM 5.87                ED2TPFINAL_SRC.ASM   6-7-2020  16:41:48         PAGE  3


LOC  OBJECT CODE     LINE SOURCE TEXT
  VALUE

002E   2???           00086    CALL CHECK_TECLADO
002F   1D26           00087    BTFSS FLAGS, TECLA
0030   2???           00088    GOTO PROGRAMA
0031   1126           00089    BCF FLAGS, TECLA
0032   2???           00090    CALL ACT_DISPLAYS
0033   2???           00091    GOTO PROGRAMA
                      00092    
                      00093 
0034                  00094 CHECK_TECLADO
0034   1C26           00095    BTFSS FLAGS, INTRB
0035   0008           00096    RETURN
0036   1026           00097    BCF FLAGS, INTRB
0037   1526           00098    BSF FLAGS,TECLA
0038   0806           00099    MOVF PORTB, W
0039   390F           00100    ANDLW 0x0F
003A   00A4           00101    MOVWF COL_EN
003B   00A5           00102    MOVWF COL_EN_T
003C   01A2           00103    CLRF COLUMN 
003D   01A3           00104    CLRF ROW
003E   2???           00105    CALL COL_DEC
003F   1003           00106    BCF STATUS, C
0040   0822           00107    MOVF COLUMN, W
0041   0723           00108    ADDWF ROW, W
0042   0723           00109    ADDWF ROW, W
0043   0723           00110    ADDWF ROW, W
0044   0087           00111    MOVWF PORTC
                      00112    ;BCF FLAGS, INTRB
0045   0008           00113    RETURN
                      00114    
0046                  00115 COL_DEC
0046   0CA5           00116    RRF COL_EN_T, F
0047   1C03           00117    BTFSS STATUS, C
0048   2???           00118    GOTO ROW_DEC
0049   0AA2           00119    INCF COLUMN, F
004A   3003           00120    MOVLW N_COL
004B   0222           00121    SUBWF COLUMN, W
004C   1D03           00122    BTFSS STATUS, Z
004D   2???           00123    GOTO COL_DEC
004E   01A2           00124    CLRF COLUMN
004F   2???           00125    GOTO FINEXP
0050                  00126 ROW_DEC
0050   0823           00127    MOVF ROW, W
0051   2???           00128    CALL EN_ROW
0052   0086           00129    MOVWF PORTB
0053   0806           00130    MOVF PORTB, W
0054   390F           00131    ANDLW 0x0F
0055   0224           00132    SUBWF COL_EN, W
0056   1903           00133    BTFSC STATUS, Z
0057   2???           00134    GOTO FINEXP
0058   0AA3           00135    INCF ROW, F
0059   3004           00136    MOVLW N_ROW
005A   0223           00137    SUBWF ROW, W
005B   1D03           00138    BTFSS STATUS, Z
MPASM 5.87                ED2TPFINAL_SRC.ASM   6-7-2020  16:41:48         PAGE  4


LOC  OBJECT CODE     LINE SOURCE TEXT
  VALUE

005C   2???           00139    GOTO ROW_DEC
005D   01A3           00140    CLRF ROW
005E   2???           00141    GOTO FINEXP
                      00142 
005F                  00143 INTERRUPT_SERVE
005F   00A0           00144    MOVWF W_TEMP
0060   0E03           00145    SWAPF STATUS,W
0061   00A1           00146    MOVWF STATUS_TEMP
0062   190B           00147    BTFSC INTCON, T0IF
0063   2???           00148    GOTO TMR0_INT
0064   1C0B           00149    BTFSS INTCON, RBIF
0065   2???           00150    GOTO ENDINT
0066   2???           00151    CALL CHECKBITS
0067   18A6           00152    BTFSC FLAGS, FLANCO
0068   2???           00153    GOTO ENDINT
0069   1588           00154    BSF PORTD,3
006A   1426           00155    BSF FLAGS, INTRB
006B   0806           00156    MOVF PORTB, W
006C   100B           00157    BCF INTCON, 0
006D   1408           00158    BSF PORTD, 0
006E   2???           00159    GOTO ENDINT
                      00160    
006F                  00161 TMR0_INT
006F   110B           00162    BCF INTCON, T0IF
0070   3064           00163    MOVLW .100
0071   0081           00164    MOVWF TMR0
0072   1BAB           00165    BTFSC CONT_D, 7
0073   2???           00166    GOTO CLR_PORTA
0074   082D           00167    MOVF DISPCOUNT,W
0075   2???           00168    CALL TABLA_MUX
0076   0085           00169    MOVWF PORTA
0077   082D           00170    MOVF DISPCOUNT,W
0078   2???           00171    CALL TABLA_REG
0079   00AE           00172    MOVWF AUX_REG
007A   082E           00173    MOVF AUX_REG,W
007B   2???           00174    CALL TABLA_SEGM
007C   0088           00175    MOVWF PORTD
007D   0AAD           00176    INCF DISPCOUNT,F
007E   082D           00177    MOVF DISPCOUNT,W
007F   022B           00178    SUBWF CONT_D,W
0080   1803           00179    BTFSC STATUS, C
0081   2???           00180    GOTO ENDINT
0082   01AD           00181    CLRF DISPCOUNT
0083   2???           00182    GOTO ENDINT
                      00183    
                      00184    
                      00185    
0084                  00186 CLR_PORTA
0084   300F           00187    MOVLW 0x0F
0085   0085           00188    MOVWF PORTA
0086   01AD           00189    CLRF DISPCOUNT
0087   2???           00190    GOTO ENDINT
                      00191    
MPASM 5.87                ED2TPFINAL_SRC.ASM   6-7-2020  16:41:48         PAGE  5


LOC  OBJECT CODE     LINE SOURCE TEXT
  VALUE

0088                  00192 ENDINT
                      00193    
0088   0EA0           00194    SWAPF W_TEMP,F
0089   0E20           00195    SWAPF W_TEMP,W
008A   0E21           00196    SWAPF STATUS_TEMP, W
008B   0083           00197    MOVWF STATUS
008C   0009           00198    RETFIE
                      00199    
008D                  00200 FINEXP
008D   0186           00201    CLRF PORTB
008E   1026           00202    BCF FLAGS, INTRB
008F   0008           00203    RETURN
                      00204    
0090                  00205 EN_ROW
0090   0782           00206    ADDWF PCL, F
0091   34E0           00207    RETLW 0xE0; COL0
0092   34D0           00208    RETLW 0xD0; COL1                
0093   34B0           00209    RETLW 0xB0; COL2
0094   3470           00210    RETLW 0x70; COL3
                      00211    
0095                  00212 CHECKBITS
0095   14A6           00213    BSF FLAGS, FLANCO ; BIT DE BANDERA DE CAMBIO DE FLANCO
0096   1C06           00214    BTFSS PORTB, 0
0097   10A6           00215    BCF FLAGS, FLANCO
0098   1C86           00216    BTFSS PORTB, 1
0099   10A6           00217    BCF FLAGS, FLANCO
009A   1D06           00218    BTFSS PORTB, 2
009B   10A6           00219    BCF FLAGS, FLANCO
009C   1D86           00220    BTFSS PORTB, 3
009D   10A6           00221    BCF FLAGS, FLANCO
009E   0008           00222    RETURN
                      00223    
009F                  00224 ACT_DISPLAYS
009F   2???           00225    CALL TABLA_DECO
00A0   00AC           00226    MOVWF AUX_DECO
00A1   3C09           00227    SUBLW .9
00A2   1C03           00228    BTFSS STATUS,C
00A3   2???           00229    GOTO ACCION_DECO
00A4   2???           00230    GOTO NUMERO_DECO
                      00231    
                      00232    
00A5                  00233 NUMERO_DECO
00A5   082B           00234    MOVF CONT_D,W
00A6   3C03           00235    SUBLW .3
00A7   1903           00236    BTFSC STATUS, Z
00A8   0008           00237    RETURN
00A9   082C           00238    MOVF AUX_DECO,W
00AA   0080           00239    MOVWF INDF
00AB   0AAB           00240    INCF  CONT_D,F
00AC   0A84           00241    INCF FSR,F
00AD   0008           00242    RETURN
                      00243    
00AE                  00244 ACCION_DECO
MPASM 5.87                ED2TPFINAL_SRC.ASM   6-7-2020  16:41:48         PAGE  6


LOC  OBJECT CODE     LINE SOURCE TEXT
  VALUE

00AE   1C2C           00245    BTFSS AUX_DECO, 0 ; .10=1010 Y .11=1011
00AF   2???           00246    GOTO BORRAR_TECLA
00B0   2???           00247    GOTO ACEPTAR_TECLA
                      00248    
                      00249    
00B1                  00250 ACEPTAR_TECLA
                      00251    
00B1                  00252 BORRAR_TECLA
00B1   1BAB           00253    BTFSC CONT_D , 7
00B2   0008           00254    RETURN
00B3   0384           00255    DECF FSR,F
Message[305]: Using default destination of 1 (file).
00B4   03AB           00256    DECF CONT_D
00B5   0008           00257    RETURN
                      00258  
                      00259    
                      00260 
00B6                  00261 TABLA_MUX
00B6   0782           00262    ADDWF PCL, F
00B7   340E           00263    RETLW 0x0E ; DISPLAY 0
00B8   340D           00264    RETLW 0x0D ; DISPLAY 1
00B9   340B           00265    RETLW 0x0B ; DISPLAY 2
00BA   3407           00266    RETLW 0x07 ; DISPLAY 3
                      00267 
00BB                  00268 TABLA_REG
00BB   0782           00269    ADDWF PCL, F
00BC   3427           00270    RETLW DISPLAY0
00BD   3428           00271    RETLW DISPLAY1
00BE   3429           00272    RETLW DISPLAY2
00BF   342A           00273    RETLW DISPLAY3
                      00274    
00C0                  00275 TABLA_SEGM
00C0   0782           00276     ADDWF PCL, F
00C1   343F           00277     RETLW 0x3F; 0
00C2   3406           00278     RETLW 0x06; 1
00C3   345B           00279     RETLW 0x5B; 2
00C4   344F           00280     RETLW 0x4F; 3
00C5   3466           00281     RETLW 0x66; 4
00C6   346D           00282     RETLW 0x6D; 5
00C7   347D           00283     RETLW 0x7D; 6
00C8   3407           00284     RETLW 0x07; 7
00C9   347F           00285     RETLW 0x7F; 8
00CA   346F           00286     RETLW 0x6F; 9   
                      00287    
00CB                  00288 TABLA_DECO
00CB   0782           00289    ADDWF PCL, F
00CC   3401           00290    RETLW .1
00CD   3402           00291    RETLW .2
00CE   3403           00292    RETLW .3
00CF   3404           00293    RETLW .4
00D0   3405           00294    RETLW .5
00D1   3406           00295    RETLW .6 
00D2   3407           00296    RETLW .7
MPASM 5.87                ED2TPFINAL_SRC.ASM   6-7-2020  16:41:48         PAGE  7


LOC  OBJECT CODE     LINE SOURCE TEXT
  VALUE

00D3   3408           00297    RETLW .8
00D4   3409           00298    RETLW .9
00D5   340A           00299    RETLW .10 ; TECLA BORRAR (ASTERISCO)
00D6   3400           00300    RETLW .0
00D7   340B           00301    RETLW .11 ; TECLA ACEPTAR (NUMERAL)
                      00302    
3FF2 3FFF             00303    END
MPASM 5.87                ED2TPFINAL_SRC.ASM   6-7-2020  16:41:48         PAGE  8


SYMBOL TABLE
  LABEL                             VALUE 

ABDEN                             00000000
ABDOVF                            00000007
ACCION_DECO                       000000AE
ACEPTAR_TECLA                     000000B1
ACKDT                             00000005
ACKEN                             00000004
ACKSTAT                           00000006
ACT_DISPLAYS                      0000009F
ADCON0                            0000001F
ADCON1                            0000009F
ADCS0                             00000006
ADCS1                             00000007
ADDEN                             00000003
ADFM                              00000007
ADIE                              00000006
ADIF                              00000006
ADON                              00000000
ADRESH                            0000001E
ADRESL                            0000009E
ANS0                              00000000
ANS1                              00000001
ANS10                             00000002
ANS11                             00000003
ANS12                             00000004
ANS13                             00000005
ANS2                              00000002
ANS3                              00000003
ANS4                              00000004
ANS5                              00000005
ANS6                              00000006
ANS7                              00000007
ANS8                              00000000
ANS9                              00000001
ANSEL                             00000188
ANSELH                            00000189
AUX_DECO                          0000002C
AUX_REG                           0000002E
BAUDCTL                           00000187
BCLIE                             00000003
BCLIF                             00000003
BF                                00000000
BORRAR_TECLA                      000000B1
BRG0                              00000000
BRG1                              00000001
BRG10                             00000002
BRG11                             00000003
BRG12                             00000004
BRG13                             00000005
BRG14                             00000006
BRG15                             00000007
BRG16                             00000003
BRG2                              00000002
BRG3                              00000003
MPASM 5.87                ED2TPFINAL_SRC.ASM   6-7-2020  16:41:48         PAGE  9


SYMBOL TABLE
  LABEL                             VALUE 

BRG4                              00000004
BRG5                              00000005
BRG6                              00000006
BRG7                              00000007
BRG8                              00000000
BRG9                              00000001
BRGH                              00000002
C                                 00000000
C1CH0                             00000000
C1CH1                             00000001
C1IE                              00000005
C1IF                              00000005
C1OE                              00000005
C1ON                              00000007
C1OUT                             00000006
C1POL                             00000004
C1R                               00000002
C1RSEL                            00000005
C1SEN                             00000005
C2CH0                             00000000
C2CH1                             00000001
C2IE                              00000006
C2IF                              00000006
C2OE                              00000005
C2ON                              00000007
C2OUT                             00000006
C2POL                             00000004
C2R                               00000002
C2REN                             00000004
C2RSEL                            00000004
C2SYNC                            00000000
CCP1CON                           00000017
CCP1IE                            00000002
CCP1IF                            00000002
CCP1M0                            00000000
CCP1M1                            00000001
CCP1M2                            00000002
CCP1M3                            00000003
CCP1X                             00000005
CCP1Y                             00000004
CCP2CON                           0000001D
CCP2IE                            00000000
CCP2IF                            00000000
CCP2M0                            00000000
CCP2M1                            00000001
CCP2M2                            00000002
CCP2M3                            00000003
CCP2X                             00000005
CCP2Y                             00000004
CCPR1                             00000015
CCPR1H                            00000016
CCPR1L                            00000015
CCPR2                             0000001B
MPASM 5.87                ED2TPFINAL_SRC.ASM   6-7-2020  16:41:48         PAGE 10


SYMBOL TABLE
  LABEL                             VALUE 

CCPR2H                            0000001C
CCPR2L                            0000001B
CHECKBITS                         00000095
CHECK_TECLADO                     00000034
CHS0                              00000002
CHS1                              00000003
CHS2                              00000004
CHS3                              00000005
CKE                               00000006
CKP                               00000004
CLR_PORTA                         00000084
CM1CON0                           00000107
CM2CON0                           00000108
CM2CON1                           00000109
COLUMN                            00000022
COL_DEC                           00000046
COL_EN                            00000024
COL_EN_T                          00000025
CONT_D                            0000002B
CREN                              00000004
CSRC                              00000007
D                                 00000005
DATA_ADDRESS                      00000005
DC                                00000001
DC1B0                             00000004
DC1B1                             00000005
DC2B0                             00000004
DC2B1                             00000005
DISPCOUNT                         0000002D
DISPLAY0                          00000027
DISPLAY1                          00000028
DISPLAY2                          00000029
DISPLAY3                          0000002A
D_A                               00000005
D_NOT_A                           00000005
ECCPAS                            0000009C
ECCPAS0                           00000004
ECCPAS1                           00000005
ECCPAS2                           00000006
ECCPASE                           00000007
EEADR                             0000010D
EEADRH                            0000010F
EECON1                            0000018C
EECON2                            0000018D
EEDAT                             0000010C
EEDATA                            0000010C
EEDATH                            0000010E
EEIE                              00000004
EEIF                              00000004
EEPGD                             00000007
ENDINT                            00000088
EN_ROW                            00000090
F                                 00000001
MPASM 5.87                ED2TPFINAL_SRC.ASM   6-7-2020  16:41:48         PAGE 11


SYMBOL TABLE
  LABEL                             VALUE 

FERR                              00000002
FINEXP                            0000008D
FLAGS                             00000026
FLANCO                            00000001
FSR                               00000004
FVREN                             00000000
GCEN                              00000007
GIE                               00000007
GO                                00000001
GO_DONE                           00000001
GO_NOT_DONE                       00000001
HTS                               00000002
I2C_DATA                          00000005
I2C_READ                          00000002
I2C_START                         00000003
I2C_STOP                          00000004
INDF                              00000000
INIT                              00000005
INTCON                            0000000B
INTE                              00000004
INTEDG                            00000006
INTERRUPT_SERVE                   0000005F
INTF                              00000001
INTRB                             00000000
IOCB                              00000096
IOCB0                             00000000
IOCB1                             00000001
IOCB2                             00000002
IOCB3                             00000003
IOCB4                             00000004
IOCB5                             00000005
IOCB6                             00000006
IOCB7                             00000007
IRCF0                             00000004
IRCF1                             00000005
IRCF2                             00000006
IRP                               00000007
LTS                               00000001
MC1OUT                            00000007
MC2OUT                            00000006
MSK                               00000093
MSK0                              00000000
MSK1                              00000001
MSK2                              00000002
MSK3                              00000003
MSK4                              00000004
MSK5                              00000005
MSK6                              00000006
MSK7                              00000007
NOT_A                             00000005
NOT_ADDRESS                       00000005
NOT_BO                            00000000
NOT_BOR                           00000000
MPASM 5.87                ED2TPFINAL_SRC.ASM   6-7-2020  16:41:48         PAGE 12


SYMBOL TABLE
  LABEL                             VALUE 

NOT_DONE                          00000001
NOT_PD                            00000003
NOT_POR                           00000001
NOT_RBPU                          00000007
NOT_RC8                           00000006
NOT_T1SYNC                        00000002
NOT_TO                            00000004
NOT_TX8                           00000006
NOT_W                             00000002
NOT_WRITE                         00000002
NUMERO_DECO                       000000A5
N_COL                             00000003
N_ROW                             00000004
OERR                              00000001
OPTION_REG                        00000081
OSCCON                            0000008F
OSCTUNE                           00000090
OSFIE                             00000007
OSFIF                             00000007
OSTS                              00000003
P                                 00000004
P1M0                              00000006
P1M1                              00000007
PCL                               00000002
PCLATH                            0000000A
PCON                              0000008E
PDC0                              00000000
PDC1                              00000001
PDC2                              00000002
PDC3                              00000003
PDC4                              00000004
PDC5                              00000005
PDC6                              00000006
PEIE                              00000006
PEN                               00000002
PIE1                              0000008C
PIE2                              0000008D
PIR1                              0000000C
PIR2                              0000000D
PORTA                             00000005
PORTB                             00000006
PORTC                             00000007
PORTD                             00000008
PORTE                             00000009
PR2                               00000092
PROGRAMA                          0000002E
PRSEN                             00000007
PS0                               00000000
PS1                               00000001
PS2                               00000002
PSA                               00000003
PSSAC0                            00000002
PSSAC1                            00000003
MPASM 5.87                ED2TPFINAL_SRC.ASM   6-7-2020  16:41:48         PAGE 13


SYMBOL TABLE
  LABEL                             VALUE 

PSSBD0                            00000000
PSSBD1                            00000001
PSTRCON                           0000009D
PULSR                             00000002
PULSS                             00000003
PWM1CON                           0000009B
R                                 00000002
RA0                               00000000
RA1                               00000001
RA2                               00000002
RA3                               00000003
RA4                               00000004
RA5                               00000005
RA6                               00000006
RA7                               00000007
RB0                               00000000
RB1                               00000001
RB2                               00000002
RB3                               00000003
RB4                               00000004
RB5                               00000005
RB6                               00000006
RB7                               00000007
RBIE                              00000003
RBIF                              00000000
RC0                               00000000
RC1                               00000001
RC2                               00000002
RC3                               00000003
RC4                               00000004
RC5                               00000005
RC6                               00000006
RC7                               00000007
RC8_9                             00000006
RC9                               00000006
RCD8                              00000000
RCEN                              00000003
RCIDL                             00000006
RCIE                              00000005
RCIF                              00000005
RCREG                             0000001A
RCSTA                             00000018
RD                                00000000
RD0                               00000000
RD1                               00000001
RD2                               00000002
RD3                               00000003
RD4                               00000004
RD5                               00000005
RD6                               00000006
RD7                               00000007
RE0                               00000000
RE1                               00000001
MPASM 5.87                ED2TPFINAL_SRC.ASM   6-7-2020  16:41:48         PAGE 14


SYMBOL TABLE
  LABEL                             VALUE 

RE2                               00000002
RE3                               00000003
READ_WRITE                        00000002
ROW                               00000023
ROW_DEC                           00000050
RP0                               00000005
RP1                               00000006
RSEN                              00000001
RX9                               00000006
RX9D                              00000000
R_NOT_W                           00000002
R_W                               00000002
S                                 00000003
SBOREN                            00000004
SCKP                              00000004
SCS                               00000000
SEN                               00000000
SENDB                             00000003
SMP                               00000007
SPBRG                             00000099
SPBRGH                            0000009A
SPEN                              00000007
SR0                               00000006
SR1                               00000007
SRCON                             00000185
SREN                              00000005
SSPADD                            00000093
SSPBUF                            00000013
SSPCON                            00000014
SSPCON2                           00000091
SSPEN                             00000005
SSPIE                             00000003
SSPIF                             00000003
SSPM0                             00000000
SSPM1                             00000001
SSPM2                             00000002
SSPM3                             00000003
SSPMSK                            00000093
SSPOV                             00000006
SSPSTAT                           00000094
STATUS                            00000003
STATUS_TEMP                       00000021
STRA                              00000000
STRB                              00000001
STRC                              00000002
STRD                              00000003
STRSYNC                           00000004
SWDTEN                            00000000
SYNC                              00000004
T0CS                              00000005
T0IE                              00000005
T0IF                              00000002
T0SE                              00000004
MPASM 5.87                ED2TPFINAL_SRC.ASM   6-7-2020  16:41:48         PAGE 15


SYMBOL TABLE
  LABEL                             VALUE 

T1CKPS0                           00000004
T1CKPS1                           00000005
T1CON                             00000010
T1GINV                            00000007
T1GIV                             00000007
T1GSS                             00000001
T1INSYNC                          00000002
T1OSCEN                           00000003
T1SYNC                            00000002
T2CKPS0                           00000000
T2CKPS1                           00000001
T2CON                             00000012
TABLA_DECO                        000000CB
TABLA_MUX                         000000B6
TABLA_REG                         000000BB
TABLA_SEGM                        000000C0
TECLA                             00000002
TMR0                              00000001
TMR0IE                            00000005
TMR0IF                            00000002
TMR0_INT                          0000006F
TMR1                              0000000E
TMR1CS                            00000001
TMR1GE                            00000006
TMR1H                             0000000F
TMR1IE                            00000000
TMR1IF                            00000000
TMR1L                             0000000E
TMR1ON                            00000000
TMR2                              00000011
TMR2IE                            00000001
TMR2IF                            00000001
TMR2ON                            00000002
TOUTPS0                           00000003
TOUTPS1                           00000004
TOUTPS2                           00000005
TOUTPS3                           00000006
TRISA                             00000085
TRISA0                            00000000
TRISA1                            00000001
TRISA2                            00000002
TRISA3                            00000003
TRISA4                            00000004
TRISA5                            00000005
TRISA6                            00000006
TRISA7                            00000007
TRISB                             00000086
TRISB0                            00000000
TRISB1                            00000001
TRISB2                            00000002
TRISB3                            00000003
TRISB4                            00000004
TRISB5                            00000005
MPASM 5.87                ED2TPFINAL_SRC.ASM   6-7-2020  16:41:48         PAGE 16


SYMBOL TABLE
  LABEL                             VALUE 

TRISB6                            00000006
TRISB7                            00000007
TRISC                             00000087
TRISC0                            00000000
TRISC1                            00000001
TRISC2                            00000002
TRISC3                            00000003
TRISC4                            00000004
TRISC5                            00000005
TRISC6                            00000006
TRISC7                            00000007
TRISD                             00000088
TRISD0                            00000000
TRISD1                            00000001
TRISD2                            00000002
TRISD3                            00000003
TRISD4                            00000004
TRISD5                            00000005
TRISD6                            00000006
TRISD7                            00000007
TRISE                             00000089
TRISE0                            00000000
TRISE1                            00000001
TRISE2                            00000002
TRISE3                            00000003
TRMT                              00000001
TUN0                              00000000
TUN1                              00000001
TUN2                              00000002
TUN3                              00000003
TUN4                              00000004
TX8_9                             00000006
TX9                               00000006
TX9D                              00000000
TXD8                              00000000
TXEN                              00000005
TXIE                              00000004
TXIF                              00000004
TXREG                             00000019
TXSTA                             00000098
UA                                00000001
ULPWUE                            00000005
ULPWUIE                           00000002
ULPWUIF                           00000002
VCFG0                             00000004
VCFG1                             00000005
VR0                               00000000
VR1                               00000001
VR2                               00000002
VR3                               00000003
VRCON                             00000097
VREN                              00000007
VROE                              00000006
MPASM 5.87                ED2TPFINAL_SRC.ASM   6-7-2020  16:41:48         PAGE 17


SYMBOL TABLE
  LABEL                             VALUE 

VRR                               00000005
VRSS                              00000004
W                                 00000000
WCOL                              00000007
WDTCON                            00000105
WDTPS0                            00000001
WDTPS1                            00000002
WDTPS2                            00000003
WDTPS3                            00000004
WPUB                              00000095
WPUB0                             00000000
WPUB1                             00000001
WPUB2                             00000002
WPUB3                             00000003
WPUB4                             00000004
WPUB5                             00000005
WPUB6                             00000006
WPUB7                             00000007
WR                                00000001
WREN                              00000002
WRERR                             00000003
WUE                               00000001
W_TEMP                            00000020
Z                                 00000002
_BOR21V                           00003EFF
_BOR40V                           00003FFF
_BOR4V_BOR21V                     00003EFF
_BOR4V_BOR40V                     00003FFF
_BOREN_NSLEEP                     00003EFF
_BOREN_OFF                        00003CFF
_BOREN_ON                         00003FFF
_BOREN_SBODEN                     00003DFF
_BOR_NSLEEP                       00003EFF
_BOR_OFF                          00003CFF
_BOR_ON                           00003FFF
_BOR_SBODEN                       00003DFF
_CONFIG1                          00002007
_CONFIG2                          00002008
_CPD_OFF                          00003FFF
_CPD_ON                           00003F7F
_CP_OFF                           00003FFF
_CP_ON                            00003FBF
_DEBUG_OFF                        00003FFF
_DEBUG_ON                         00001FFF
_DEVID1                           00002006
_EC_OSC                           00003FFB
_EXTRC                            00003FFF
_EXTRCIO                          00003FFE
_EXTRC_OSC_CLKOUT                 00003FFF
_EXTRC_OSC_NOCLKOUT               00003FFE
_FCMEN_OFF                        000037FF
_FCMEN_ON                         00003FFF
_FOSC_EC                          00003FFB
MPASM 5.87                ED2TPFINAL_SRC.ASM   6-7-2020  16:41:48         PAGE 18


SYMBOL TABLE
  LABEL                             VALUE 

_FOSC_EXTRC_CLKOUT                00003FFF
_FOSC_EXTRC_NOCLKOUT              00003FFE
_FOSC_HS                          00003FFA
_FOSC_INTRC_CLKOUT                00003FFD
_FOSC_INTRC_NOCLKOUT              00003FFC
_FOSC_LP                          00003FF8
_FOSC_XT                          00003FF9
_HS_OSC                           00003FFA
_IDLOC0                           00002000
_IDLOC1                           00002001
_IDLOC2                           00002002
_IDLOC3                           00002003
_IESO_OFF                         00003BFF
_IESO_ON                          00003FFF
_INTOSC                           00003FFD
_INTOSCIO                         00003FFC
_INTRC_OSC_CLKOUT                 00003FFD
_INTRC_OSC_NOCLKOUT               00003FFC
_LP_OSC                           00003FF8
_LVP_OFF                          00002FFF
_LVP_ON                           00003FFF
_MCLRE_OFF                        00003FDF
_MCLRE_ON                         00003FFF
_PWRTE_OFF                        00003FFF
_PWRTE_ON                         00003FEF
_WDTE_OFF                         00003FF7
_WDTE_ON                          00003FFF
_WDT_OFF                          00003FF7
_WDT_ON                           00003FFF
_WRT_1FOURTH                      00003BFF
_WRT_256                          00003DFF
_WRT_HALF                         000039FF
_WRT_OFF                          00003FFF
_XT_OSC                           00003FF9
__16F887                          00000001

Errors   :     0
Warnings :     0 reported,     0 suppressed
Messages :    11 reported,     0 suppressed

